        -:    0:Source:dominion.c
        -:    0:Graph:dominion.gcno
        -:    0:Data:dominion.gcda
        -:    0:Runs:11
        -:    0:Programs:11
        -:    1:#include "dominion.h"
        -:    2:#include "dominion_helpers.h"
        -:    3:#include "rngs.h"
        -:    4:#include <stdio.h>
        -:    5:#include <math.h>
        -:    6:#include <stdlib.h>
        -:    7:
function compare called 570224 returned 100% blocks executed 100%
   570224:    8:int compare(const void* a, const void* b) 
        -:    9:{
   570224:   10:  if (*(int*)a > *(int*)b)
branch  0 taken 37% (fallthrough)
branch  1 taken 63%
   208730:   11:    return 1;
   361494:   12:  if (*(int*)a < *(int*)b)
branch  0 taken 17% (fallthrough)
branch  1 taken 83%
    60498:   13:    return -1;
   300996:   14:  return 0;
        -:   15:}
        -:   16:
function newGame called 0 returned 0% blocks executed 0%
    #####:   17:struct gameState* newGame() 
        -:   18:{
    #####:   19:  struct gameState* g = malloc(sizeof(struct gameState));
    #####:   20:  return g;
        -:   21:}
        -:   22:
function kingdomCards called 0 returned 0% blocks executed 0%
    #####:   23:int* kingdomCards(int k1, int k2, int k3, int k4, int k5, int k6, int k7, int k8, int k9, int k10) 
        -:   24:{
    #####:   25:  int* k = malloc(10 * sizeof(int));
    #####:   26:  k[0] = k1;
    #####:   27:  k[1] = k2;
    #####:   28:  k[2] = k3;
    #####:   29:  k[3] = k4;
    #####:   30:  k[4] = k5;
    #####:   31:  k[5] = k6;
    #####:   32:  k[6] = k7;
    #####:   33:  k[7] = k8;
    #####:   34:  k[8] = k9;
    #####:   35:  k[9] = k10;
    #####:   36:  return k;
        -:   37:}
        -:   38:
function initializeGame called 3005 returned 100% blocks executed 89%
     3005:   39:int initializeGame(int numPlayers, int kingdomCards[10], int randomSeed, struct gameState *state) 
        -:   40:{
        -:   41:  int i;
        -:   42:  int j;
        -:   43:  int it;			
        -:   44:  //set up random number generator
     3005:   45:  SelectStream(1);
call    0 returned 100%
     3005:   46:  PutSeed((long)randomSeed);
call    0 returned 100%
        -:   47:  
        -:   48:  //check number of players
     3005:   49:  if (numPlayers > MAX_PLAYERS || numPlayers < 2)
branch  0 taken 100% (fallthrough)
branch  1 taken 0%
branch  2 taken 0% (fallthrough)
branch  3 taken 100%
        -:   50:  {
    #####:   51:    return -1;
        -:   52:  }
        -:   53:
        -:   54:  //set number of players
     3005:   55:  state->numPlayers = numPlayers;
        -:   56:
        -:   57:  //check selected kingdom cards are different
     6055:   58:  for (i = 0; i < 10; i++)
branch  0 taken 99%
branch  1 taken 1% (fallthrough)
        -:   59:  {
    42550:   60:    for (j = 0; j < 10; j++)
branch  0 taken 93%
branch  1 taken 7% (fallthrough)
        -:   61:    {
    39500:   62:     if (j != i && kingdomCards[j] == kingdomCards[i])
branch  0 taken 85% (fallthrough)
branch  1 taken 15%
branch  2 taken 9% (fallthrough)
branch  3 taken 91%
        -:   63:      {
     3000:   64:        return -1;
        -:   65:      }
        -:   66:    }
        -:   67:  }
        -:   68:
        -:   69:  //initialize supply
        -:   70:  ///////////////////////////////
        -:   71:
        -:   72:  //set number of Curse cards
        5:   73:  if (numPlayers == 2)
branch  0 taken 100% (fallthrough)
branch  1 taken 0%
        -:   74:  {
        5:   75:    state->supplyCount[curse] = 10;
        -:   76:  }
    #####:   77:  else if (numPlayers == 3)
branch  0 never executed
branch  1 never executed
        -:   78:  {
    #####:   79:    state->supplyCount[curse] = 20;
        -:   80:  }
        -:   81:  else
        -:   82:  {
    #####:   83:    state->supplyCount[curse] = 30;
        -:   84:  }
        -:   85:
        -:   86:  //set number of Victory cards
        5:   87:  if (numPlayers == 2)
branch  0 taken 100% (fallthrough)
branch  1 taken 0%
        -:   88:  {
        5:   89:    state->supplyCount[estate] = 8;
        5:   90:    state->supplyCount[duchy] = 8;
        5:   91:    state->supplyCount[province] = 8;
        -:   92:  }
        -:   93:  else
        -:   94:  {
    #####:   95:    state->supplyCount[estate] = 12;
    #####:   96:    state->supplyCount[duchy] = 12;
    #####:   97:    state->supplyCount[province] = 12;
        -:   98:  }
        -:   99:
        -:  100:  //set number of Treasure cards
        5:  101:  state->supplyCount[copper] = 60 - (7 * numPlayers);
        5:  102:  state->supplyCount[silver] = 40;
        5:  103:  state->supplyCount[gold] = 30;
        -:  104:
        -:  105:  //set number of Kingdom cards
      105:  106:  for (i = adventurer; i <= treasure_map; i++)//loop all cards
branch  0 taken 95%
branch  1 taken 5% (fallthrough)
        -:  107:  {
      825:  108:    for (j = 0; j < 10; j++)           		//loop chosen cards
branch  0 taken 94%
branch  1 taken 6% (fallthrough)
        -:  109:	  {
      775:  110:      if (kingdomCards[j] == i)
branch  0 taken 6% (fallthrough)
branch  1 taken 94%
        -:  111:	    {
        -:  112:	      //check if card is a 'Victory' Kingdom card
       50:  113:	      if (kingdomCards[j] == great_hall || kingdomCards[j] == gardens)
branch  0 taken 90% (fallthrough)
branch  1 taken 10%
branch  2 taken 11% (fallthrough)
branch  3 taken 89%
        -:  114:		    {
       20:  115:		      if (numPlayers == 2)
branch  0 taken 100% (fallthrough)
branch  1 taken 0%
        -:  116:          { 
       10:  117:		        state->supplyCount[i] = 8; 
        -:  118:		      }
        -:  119:		      else
        -:  120:          { 
    #####:  121:            state->supplyCount[i] = 12;  
        -:  122:          }
        -:  123:	     	}
        -:  124:	      else
        -:  125:    		{
       40:  126:    		  state->supplyCount[i] = 10;
        -:  127:    		}
       50:  128:	      break;
        -:  129:	    }
        -:  130:	    else    //card is not in the set choosen for the game
        -:  131:	    {
      725:  132:	      state->supplyCount[i] = -1;
        -:  133:	    }
        -:  134:  	}
        -:  135:  }
        -:  136:  ////////////////////////
        -:  137:  //supply intilization complete
        -:  138:  //set player decks
       15:  139:  for (i = 0; i < numPlayers; i++)
branch  0 taken 67%
branch  1 taken 33% (fallthrough)
        -:  140:  {
       10:  141:    state->deckCount[i] = 0;
       40:  142:    for (j = 0; j < 3; j++)
branch  0 taken 75%
branch  1 taken 25% (fallthrough)
        -:  143:    {
       30:  144:      state->deck[i][j] = estate;
       30:  145:      state->deckCount[i]++;
        -:  146:    }
       80:  147:    for (j = 3; j < 10; j++)
branch  0 taken 88%
branch  1 taken 13% (fallthrough)
        -:  148:    {
       70:  149:      state->deck[i][j] = copper;
       70:  150:      state->deckCount[i]++;		
        -:  151:    }
        -:  152:  }
        -:  153:  //shuffle player decks
       15:  154:  for (i = 0; i < numPlayers; i++)
branch  0 taken 67%
branch  1 taken 33% (fallthrough)
        -:  155:  {
       10:  156:    if ( shuffle(i, state) < 0 )
call    0 returned 100%
branch  1 taken 0% (fallthrough)
branch  2 taken 100%
        -:  157:    {
    #####:  158:      return -1;
        -:  159:    }
        -:  160:  }
        -:  161:  //draw player hands
       15:  162:  for (i = 0; i < numPlayers; i++)
branch  0 taken 67%
branch  1 taken 33% (fallthrough)
        -:  163:  {  
        -:  164:    //initialize hand size to zero
       10:  165:    state->handCount[i] = 0;
       10:  166:    state->discardCount[i] = 0;
        -:  167:    //draw 5 cards
        -:  168:    // for (j = 0; j < 5; j++)
        -:  169:    //	{
        -:  170:    //	  drawCard(i, state);
        -:  171:    //	} 
        -:  172:  }
        -:  173:  
        -:  174:  //set embargo tokens to 0 for all supply piles
      140:  175:  for (i = 0; i <= treasure_map; i++)
branch  0 taken 96%
branch  1 taken 4% (fallthrough)
        -:  176:  {
      135:  177:    state->embargoTokens[i] = 0;
        -:  178:  }
        -:  179:
        -:  180:  //initialize first player's turn
        5:  181:  state->outpostPlayed = 0;
        5:  182:  state->phase = 0;
        5:  183:  state->numActions = 1;
        5:  184:  state->numBuys = 1;
        5:  185:  state->playedCardCount = 0;
        5:  186:  state->whoseTurn = 0;
        5:  187:  state->handCount[state->whoseTurn] = 0;
        -:  188:  //int it; move to top
        -:  189:
        -:  190:  //Moved draw cards to here, only drawing at the start of a turn
       30:  191:  for (it = 0; it < 5; it++)
branch  0 taken 83%
branch  1 taken 17% (fallthrough)
        -:  192:  {
       25:  193:    drawCard(state->whoseTurn, state);
call    0 returned 100%
        -:  194:  }
        -:  195:
        5:  196:  updateCoins(state->whoseTurn, state, 0);
call    0 returned 100%
        -:  197:
        5:  198:  return 0;
        -:  199:}
        -:  200:
function shuffle called 2167734 returned 100% blocks executed 100%
  2167734:  201:int shuffle(int player, struct gameState *state) 
        -:  202:{
        -:  203:  int newDeck[MAX_DECK];
  2167734:  204:  int newDeckPos = 0;
        -:  205:  int card;
        -:  206:  int i;
        -:  207:
  2167734:  208:  if (state->deckCount[player] < 1)
branch  0 taken 99% (fallthrough)
branch  1 taken 1%
  2166457:  209:    return -1;
     1277:  210:  qsort ((void*)(state->deck[player]), state->deckCount[player], sizeof(int), compare); 
call    0 returned 100%
        -:  211:  /* SORT CARDS IN DECK TO ENSURE DETERMINISM! */
        -:  212:
   118912:  213:  while (state->deckCount[player] > 0) 
branch  0 taken 99%
branch  1 taken 1% (fallthrough)
        -:  214:  {
   116358:  215:    card = floor(Random() * state->deckCount[player]);
call    0 returned 100%
   116358:  216:    newDeck[newDeckPos] = state->deck[player][card];
   116358:  217:    newDeckPos++;
  4975100:  218:    for (i = card; i < state->deckCount[player]-1; i++)
branch  0 taken 98%
branch  1 taken 2% (fallthrough)
        -:  219:    {
  4858742:  220:      state->deck[player][i] = state->deck[player][i+1];
        -:  221:    }
   116358:  222:    state->deckCount[player]--;
        -:  223:  }
   117635:  224:  for (i = 0; i < newDeckPos; i++) 
branch  0 taken 99%
branch  1 taken 1% (fallthrough)
        -:  225:  {
   116358:  226:    state->deck[player][i] = newDeck[i];
   116358:  227:    state->deckCount[player]++;
        -:  228:  }
     1277:  229:  return 0;
        -:  230:}
        -:  231:
function playCard called 0 returned 0% blocks executed 0%
    #####:  232:int playCard(int handPos, int choice1, int choice2, int choice3, struct gameState *state) 
        -:  233:{	
        -:  234:  int card;
    #####:  235:  int coin_bonus = 0; 		//tracks coins gain from actions
        -:  236:
        -:  237:  //check if it is the right phase
    #####:  238:  if (state->phase != 0)
branch  0 never executed
branch  1 never executed
        -:  239:  {
    #####:  240:    return -1;
        -:  241:  }
        -:  242:	
        -:  243:  //check if player has enough actions
    #####:  244:  if ( state->numActions < 1 )
branch  0 never executed
branch  1 never executed
        -:  245:  {
    #####:  246:    return -1;
        -:  247:  }
        -:  248:
        -:  249:  //get card played
    #####:  250:  card = handCard(handPos, state);
call    0 never executed
        -:  251:	
        -:  252:  //check if selected card is an action
    #####:  253:  if ( card < adventurer || card > treasure_map )
branch  0 never executed
branch  1 never executed
branch  2 never executed
branch  3 never executed
        -:  254:  {
    #####:  255:    return -1;
        -:  256:  }
        -:  257:	
        -:  258:  //play card
    #####:  259:  if ( cardEffect(card, choice1, choice2, choice3, state, handPos, &coin_bonus) < 0 )
call    0 never executed
branch  1 never executed
branch  2 never executed
        -:  260:  {
    #####:  261:    return -1;
        -:  262:  }
        -:  263:
        -:  264:  //reduce number of actions
    #####:  265:  state->numActions--;
        -:  266:
        -:  267:  //update coins (Treasure cards may be added with card draws)
    #####:  268:  updateCoins(state->whoseTurn, state, coin_bonus);
call    0 never executed
        -:  269:	
    #####:  270:  return 0;
        -:  271:}
        -:  272:
function buyCard called 8 returned 100% blocks executed 93%
        8:  273:int buyCard(int supplyPos, struct gameState *state) {
        -:  274:  int who;
        -:  275:  if (DEBUG)
        -:  276:  {
        -:  277:    printf("Entering buyCard...\n");
        -:  278:  }
        -:  279:
        -:  280:  // I don't know what to do about the phase thing.
        -:  281:
        8:  282:  who = state->whoseTurn;
        -:  283:
        8:  284:  if (state->numBuys < 1)
branch  0 taken 50% (fallthrough)
branch  1 taken 50%
        -:  285:  {
        -:  286:    if (DEBUG)
        -:  287:      printf("You do not have any buys left\n");
        4:  288:    return -1;
        -:  289:  } 
        4:  290:  else if (supplyCount(supplyPos, state) <1)
call    0 returned 100%
branch  1 taken 75% (fallthrough)
branch  2 taken 25%
        -:  291:  {
        -:  292:    if (DEBUG)
        -:  293:      printf("There are not any of that type of card left\n");
        3:  294:    return -1;
        -:  295:  } 
        1:  296:  else if (state->coins < getCost(supplyPos))
call    0 returned 100%
branch  1 taken 0% (fallthrough)
branch  2 taken 100%
        -:  297:  {
        -:  298:    if (DEBUG) 
        -:  299:      printf("You do not have enough money to buy that. You have %d coins.\n", state->coins);
    #####:  300:    return -1;
        -:  301:  } 
        -:  302:  else 
        -:  303:  {
        1:  304:    state->phase=1;
        -:  305:    //state->supplyCount[supplyPos]--;
        1:  306:    gainCard(supplyPos, state, 0, who); //card goes in discard, this might be wrong.. (2 means goes into hand, 0 goes into discard)
call    0 returned 100%
        -:  307:  
        1:  308:    state->coins = (state->coins) - (getCost(supplyPos));
call    0 returned 100%
        1:  309:    state->numBuys--;
        -:  310:    if (DEBUG)
        -:  311:      printf("You bought card number %d for %d coins. You now have %d buys and %d coins.\n", supplyPos, getCost(supplyPos), state->numBuys, state->coins);
        -:  312:  }
        -:  313:
        -:  314:  //state->discard[who][state->discardCount[who]] = supplyPos;
        -:  315:  //state->discardCount[who]++;
        -:  316:    
        1:  317:  return 0;
        -:  318:}
        -:  319:
function numHandCards called 0 returned 0% blocks executed 0%
    #####:  320:int numHandCards(struct gameState *state) 
        -:  321:{
    #####:  322:  return state->handCount[whoseTurn(state)];
call    0 never executed
        -:  323:}
        -:  324:
function handCard called 0 returned 0% blocks executed 0%
    #####:  325:int handCard(int handPos, struct gameState *state) 
        -:  326:{
    #####:  327:  int currentPlayer = whoseTurn(state);
call    0 never executed
    #####:  328:  return state->hand[currentPlayer][handPos];
        -:  329:}
        -:  330:
function supplyCount called 7 returned 100% blocks executed 100%
        7:  331:int supplyCount(int card, struct gameState *state) {
        7:  332:  return state->supplyCount[card];
        -:  333:}
        -:  334:
function fullDeckCount called 0 returned 0% blocks executed 0%
    #####:  335:int fullDeckCount(int player, int card, struct gameState *state) 
        -:  336:{
        -:  337:  int i;
    #####:  338:  int count = 0;
        -:  339:
    #####:  340:  for (i = 0; i < state->deckCount[player]; i++)
branch  0 never executed
branch  1 never executed
        -:  341:  {
    #####:  342:    if (state->deck[player][i] == card) count++;
branch  0 never executed
branch  1 never executed
        -:  343:  }
        -:  344:
    #####:  345:  for (i = 0; i < state->handCount[player]; i++)
branch  0 never executed
branch  1 never executed
        -:  346:  {
    #####:  347:    if (state->hand[player][i] == card) count++;
branch  0 never executed
branch  1 never executed
        -:  348:  }
        -:  349:
    #####:  350:  for (i = 0; i < state->discardCount[player]; i++)
branch  0 never executed
branch  1 never executed
        -:  351:  {
    #####:  352:    if (state->discard[player][i] == card) count++;
branch  0 never executed
branch  1 never executed
        -:  353:  }
        -:  354:
    #####:  355:  return count;
        -:  356:}
        -:  357:
function whoseTurn called 6012 returned 100% blocks executed 100%
     6012:  358:int whoseTurn(struct gameState *state) 
        -:  359:{
     6012:  360:  return state->whoseTurn;
        -:  361:}
        -:  362:
function endTurn called 0 returned 0% blocks executed 0%
    #####:  363:int endTurn(struct gameState *state) 
        -:  364:{
        -:  365:  int k;
        -:  366:  int i;
    #####:  367:  int currentPlayer = whoseTurn(state);
call    0 never executed
        -:  368:  
        -:  369:  //Discard hand
    #####:  370:  for (i = 0; i < state->handCount[currentPlayer]; i++)
branch  0 never executed
branch  1 never executed
        -:  371:  {
    #####:  372:    state->discard[currentPlayer][state->discardCount[currentPlayer]++] = state->hand[currentPlayer][i];//Discard
    #####:  373:    state->hand[currentPlayer][i] = -1;//Set card to -1
        -:  374:  }
    #####:  375:  state->handCount[currentPlayer] = 0;//Reset hand count
        -:  376:    
        -:  377:  //Code for determining the player
    #####:  378:  if (currentPlayer < (state->numPlayers - 1))
branch  0 never executed
branch  1 never executed
        -:  379:  { 
    #####:  380:    state->whoseTurn = currentPlayer + 1;//Still safe to increment
        -:  381:  }
        -:  382:  else
        -:  383:  {
    #####:  384:    state->whoseTurn = 0;//Max player has been reached, loop back around to player 1
        -:  385:  }
        -:  386:
    #####:  387:  state->outpostPlayed = 0;
    #####:  388:  state->phase = 0;
    #####:  389:  state->numActions = 1;
    #####:  390:  state->coins = 0;
    #####:  391:  state->numBuys = 1;
    #####:  392:  state->playedCardCount = 0;
    #####:  393:  state->handCount[state->whoseTurn] = 0;
        -:  394:
        -:  395:  //int k; move to top
        -:  396:  //Next player draws hand
    #####:  397:  for (k = 0; k < 5; k++)
branch  0 never executed
branch  1 never executed
        -:  398:  {
    #####:  399:    drawCard(state->whoseTurn, state);//Draw a card
call    0 never executed
        -:  400:  }
        -:  401:
        -:  402:  //Update money
    #####:  403:  updateCoins(state->whoseTurn, state , 0);
call    0 never executed
        -:  404:
    #####:  405:  return 0;
        -:  406:}
        -:  407:
function isGameOver called 0 returned 0% blocks executed 0%
    #####:  408:int isGameOver(struct gameState *state) {
        -:  409:  int i;
        -:  410:  int j;
        -:  411:	
        -:  412:  //if stack of Province cards is empty, the game ends
    #####:  413:  if (state->supplyCount[province] == 0)
branch  0 never executed
branch  1 never executed
        -:  414:  {
    #####:  415:    return 1;
        -:  416:  }
        -:  417:
        -:  418:  //if three supply pile are at 0, the game ends
    #####:  419:  j = 0;
    #####:  420:  for (i = 0; i < 25; i++)
branch  0 never executed
branch  1 never executed
        -:  421:  {
    #####:  422:    if (state->supplyCount[i] == 0)
branch  0 never executed
branch  1 never executed
        -:  423:  	{
    #####:  424:  	  j++;
        -:  425:  	}
        -:  426:  }
    #####:  427:  if ( j >= 3)
branch  0 never executed
branch  1 never executed
        -:  428:  {
    #####:  429:    return 1;
        -:  430:  }
        -:  431:
    #####:  432:  return 0;
        -:  433:}
        -:  434:
function scoreFor called 0 returned 0% blocks executed 0%
    #####:  435:int scoreFor (int player, struct gameState *state) 
        -:  436:{
        -:  437:
        -:  438:  int i;
    #####:  439:  int score = 0;
        -:  440:  //score from hand
    #####:  441:  for (i = 0; i < state->handCount[player]; i++)
branch  0 never executed
branch  1 never executed
        -:  442:  {
    #####:  443:    if (state->hand[player][i] == curse) 
branch  0 never executed
branch  1 never executed
        -:  444:    { 
    #####:  445:      score = score - 1; 
        -:  446:    }
    #####:  447:    if (state->hand[player][i] == estate) 
branch  0 never executed
branch  1 never executed
        -:  448:    { 
    #####:  449:      score = score + 1; 
        -:  450:    }
    #####:  451:    if (state->hand[player][i] == duchy) 
branch  0 never executed
branch  1 never executed
        -:  452:    { 
    #####:  453:      score = score + 3;
        -:  454:    }
    #####:  455:    if (state->hand[player][i] == province) 
branch  0 never executed
branch  1 never executed
        -:  456:    { 
    #####:  457:      score = score + 6; 
        -:  458:    }
    #####:  459:    if (state->hand[player][i] == great_hall) 
branch  0 never executed
branch  1 never executed
        -:  460:    { 
    #####:  461:      score = score + 1; 
        -:  462:    }
    #####:  463:    if (state->hand[player][i] == gardens) 
branch  0 never executed
branch  1 never executed
        -:  464:    { 
    #####:  465:      score = score + ( fullDeckCount(player, 0, state) / 10 ); 
call    0 never executed
        -:  466:    }
        -:  467:  }
        -:  468:
        -:  469:  //score from discard
    #####:  470:  for (i = 0; i < state->discardCount[player]; i++)
branch  0 never executed
branch  1 never executed
        -:  471:  {
    #####:  472:    if (state->discard[player][i] == curse) 
branch  0 never executed
branch  1 never executed
        -:  473:    { 
    #####:  474:      score = score - 1; 
        -:  475:    }
    #####:  476:    if (state->discard[player][i] == estate) 
branch  0 never executed
branch  1 never executed
        -:  477:    {
    #####:  478:     score = score + 1; 
        -:  479:    }
    #####:  480:    if (state->discard[player][i] == duchy) 
branch  0 never executed
branch  1 never executed
        -:  481:    {
    #####:  482:     score = score + 3; 
        -:  483:    }
    #####:  484:    if (state->discard[player][i] == province) 
branch  0 never executed
branch  1 never executed
        -:  485:    { 
    #####:  486:      score = score + 6; 
        -:  487:    }
    #####:  488:    if (state->discard[player][i] == great_hall) 
branch  0 never executed
branch  1 never executed
        -:  489:    { 
    #####:  490:      score = score + 1; 
        -:  491:    }
    #####:  492:    if (state->discard[player][i] == gardens) 
branch  0 never executed
branch  1 never executed
        -:  493:    { 
    #####:  494:      score = score + ( fullDeckCount(player, 0, state) / 10 ); 
call    0 never executed
        -:  495:    }
        -:  496:  }
        -:  497:
        -:  498:  //score from deck
    #####:  499:  for (i = 0; i < state->discardCount[player]; i++)
branch  0 never executed
branch  1 never executed
        -:  500:  {
    #####:  501:    if (state->deck[player][i] == curse) 
branch  0 never executed
branch  1 never executed
        -:  502:    { 
    #####:  503:      score = score - 1; 
        -:  504:    }
    #####:  505:    if (state->deck[player][i] == estate) 
branch  0 never executed
branch  1 never executed
        -:  506:    { 
    #####:  507:      score = score + 1; 
        -:  508:    }
    #####:  509:    if (state->deck[player][i] == duchy) 
branch  0 never executed
branch  1 never executed
        -:  510:    { 
    #####:  511:      score = score + 3; 
        -:  512:    }
    #####:  513:    if (state->deck[player][i] == province) 
branch  0 never executed
branch  1 never executed
        -:  514:    { 
    #####:  515:      score = score + 6; 
        -:  516:    }
    #####:  517:    if (state->deck[player][i] == great_hall) 
branch  0 never executed
branch  1 never executed
        -:  518:    { 
    #####:  519:      score = score + 1; 
        -:  520:    }
    #####:  521:    if (state->deck[player][i] == gardens) 
branch  0 never executed
branch  1 never executed
        -:  522:    { 
    #####:  523:      score = score + ( fullDeckCount(player, 0, state) / 10 ); 
call    0 never executed
        -:  524:    }
        -:  525:  }
        -:  526:
    #####:  527:  return score;
        -:  528:}
        -:  529:
function getWinners called 0 returned 0% blocks executed 0%
    #####:  530:int getWinners(int players[MAX_PLAYERS], struct gameState *state) {
        -:  531:  int i;	
        -:  532:  int j;
        -:  533:  int highScore;
        -:  534:  int currentPlayer;
        -:  535:
        -:  536:  //get score for each player
    #####:  537:  for (i = 0; i < MAX_PLAYERS; i++)
branch  0 never executed
branch  1 never executed
        -:  538:  {
        -:  539:    //set unused player scores to -9999
    #####:  540:    if (i >= state->numPlayers)
branch  0 never executed
branch  1 never executed
        -:  541:    {
    #####:  542:      players[i] = -9999;
        -:  543:    }
        -:  544:    else
        -:  545:    {
    #####:  546:      players[i] = scoreFor (i, state);
call    0 never executed
        -:  547:    }
        -:  548:  }
        -:  549:
        -:  550:  //find highest score
    #####:  551:  j = 0;
    #####:  552:  for (i = 0; i < MAX_PLAYERS; i++)
branch  0 never executed
branch  1 never executed
        -:  553:  {
    #####:  554:    if (players[i] > players[j])
branch  0 never executed
branch  1 never executed
        -:  555:    {
    #####:  556:      j = i;
        -:  557:    }
        -:  558:  }
    #####:  559:  highScore = players[j];
        -:  560:
        -:  561:  //add 1 to players who had less turns
    #####:  562:  currentPlayer = whoseTurn(state);
call    0 never executed
    #####:  563:  for (i = 0; i < MAX_PLAYERS; i++)
branch  0 never executed
branch  1 never executed
        -:  564:  { 
    #####:  565:    if ( players[i] == highScore && i > currentPlayer )
branch  0 never executed
branch  1 never executed
branch  2 never executed
branch  3 never executed
        -:  566:  	{
    #####:  567:  	  players[i]++;
        -:  568:  	}
        -:  569:  } 
        -:  570:
        -:  571:  //find new highest score
    #####:  572:  j = 0;
    #####:  573:  for (i = 0; i < MAX_PLAYERS; i++)
branch  0 never executed
branch  1 never executed
        -:  574:  {
    #####:  575:    if ( players[i] > players[j] )
branch  0 never executed
branch  1 never executed
        -:  576:    {
    #####:  577:      j = i;
        -:  578:    }
        -:  579:  }
    #####:  580:  highScore = players[j];
        -:  581:
        -:  582:  //set winners in array to 1 and rest to 0
    #####:  583:  for (i = 0; i < MAX_PLAYERS; i++)
branch  0 never executed
branch  1 never executed
        -:  584:  {
    #####:  585:    if ( players[i] == highScore )
branch  0 never executed
branch  1 never executed
        -:  586:    {
    #####:  587:      players[i] = 1;
        -:  588:    }
        -:  589:    else
        -:  590:    {
    #####:  591:      players[i] = 0;
        -:  592:    }
        -:  593:  }
        -:  594:
    #####:  595:  return 0;
        -:  596:}
        -:  597:
function drawCard called 1215877 returned 100% blocks executed 100%
  1215877:  598:int drawCard(int player, struct gameState *state)
        -:  599:{	
        -:  600:  int count;
        -:  601:  int deckCounter;
  1215877:  602:  if (state->deckCount[player] <= 0)
branch  0 taken 89% (fallthrough)
branch  1 taken 11%
        -:  603:  {//Deck is empty
        -:  604:    
        -:  605:    //Step 1 Shuffle the discard pile back into a deck
        -:  606:    int i;
        -:  607:    //Move discard to deck
  1200214:  608:    for (i = 0; i < state->discardCount[player];i++)
branch  0 taken 10%
branch  1 taken 90% (fallthrough)
        -:  609:    {
   116218:  610:      state->deck[player][i] = state->discard[player][i];
   116218:  611:      state->discard[player][i] = -1;
        -:  612:    }
        -:  613:
  1083996:  614:    state->deckCount[player] = state->discardCount[player];
  1083996:  615:    state->discardCount[player] = 0;//Reset discard
        -:  616:
        -:  617:    //Shufffle the deck
  1083996:  618:    shuffle(player, state);//Shuffle the deck up and make it so that we can draw
call    0 returned 100%
        -:  619:   
        -:  620:    if (DEBUG)
        -:  621:    {//Debug statements
        -:  622:      printf("Deck count now: %d\n", state->deckCount[player]);
        -:  623:    }
        -:  624:    
  1083996:  625:    state->discardCount[player] = 0;
        -:  626:
        -:  627:    //Step 2 Draw Card
  1083996:  628:    count = state->handCount[player];//Get current player's hand count
        -:  629:    
        -:  630:    if (DEBUG)
        -:  631:    {//Debug statements
        -:  632:      printf("Current hand count: %d\n", count);
        -:  633:    }
        -:  634:    
  1083996:  635:    deckCounter = state->deckCount[player];//Create a holder for the deck count
        -:  636:
  1083996:  637:    if (deckCounter == 0)
branch  0 taken 99% (fallthrough)
branch  1 taken 1%
  1082731:  638:      return -1;
        -:  639:
     1265:  640:    state->hand[player][count] = state->deck[player][deckCounter - 1];//Add card to hand
     1265:  641:    state->deckCount[player]--;
     1265:  642:    state->handCount[player]++;//Increment hand count
        -:  643:  }
        -:  644:
        -:  645:  else
        -:  646:  {
   131881:  647:    int count = state->handCount[player];//Get current hand count for player
        -:  648:    int deckCounter;
        -:  649:    if (DEBUG)
        -:  650:    {//Debug statements
        -:  651:      printf("Current hand count: %d\n", count);
        -:  652:    }
        -:  653:
   131881:  654:    deckCounter = state->deckCount[player];//Create holder for the deck count
   131881:  655:    state->hand[player][count] = state->deck[player][deckCounter - 1];//Add card to the hand
   131881:  656:    state->deckCount[player]--;
   131881:  657:    state->handCount[player]++;//Increment hand count
        -:  658:  }
        -:  659:
   133146:  660:  return 0;
        -:  661:}
        -:  662:
function getCost called 32 returned 100% blocks executed 100%
       32:  663:int getCost(int cardNumber)
        -:  664:{
       32:  665:  switch( cardNumber ) 
branch  0 taken 3%
branch  1 taken 3%
branch  2 taken 3%
branch  3 taken 3%
branch  4 taken 3%
branch  5 taken 13%
branch  6 taken 3%
branch  7 taken 3%
branch  8 taken 3%
branch  9 taken 3%
branch 10 taken 3%
branch 11 taken 3%
branch 12 taken 3%
branch 13 taken 6%
branch 14 taken 3%
branch 15 taken 3%
branch 16 taken 3%
branch 17 taken 3%
branch 18 taken 3%
branch 19 taken 3%
branch 20 taken 3%
branch 21 taken 3%
branch 22 taken 3%
branch 23 taken 3%
branch 24 taken 3%
branch 25 taken 3%
branch 26 taken 3%
branch 27 taken 3%
        -:  666:    {
        -:  667:      case curse:
        1:  668:        return 0;
        -:  669:      case estate:
        1:  670:        return 2;
        -:  671:      case duchy:
        1:  672:        return 5;
        -:  673:      case province:
        1:  674:        return 8;
        -:  675:      case copper:
        1:  676:        return 0;
        -:  677:      case silver:
        4:  678:        return 3;
        -:  679:      case gold:
        1:  680:        return 6;
        -:  681:      case adventurer:
        1:  682:        return 6;
        -:  683:      case council_room:
        1:  684:        return 5;
        -:  685:      case feast:
        1:  686:        return 4;
        -:  687:      case gardens:
        1:  688:        return 4;
        -:  689:      case mine:
        1:  690:        return 5;
        -:  691:      case remodel:
        1:  692:        return 4;
        -:  693:      case smithy:
        2:  694:        return 4;
        -:  695:      case village:
        1:  696:        return 3;
        -:  697:      case baron:
        1:  698:        return 4;
        -:  699:      case great_hall:
        1:  700:        return 3;
        -:  701:      case minion:
        1:  702:        return 5;
        -:  703:      case steward:
        1:  704:        return 3;
        -:  705:      case tribute:
        1:  706:        return 5;
        -:  707:      case ambassador:
        1:  708:        return 3;
        -:  709:      case cutpurse:
        1:  710:        return 4;
        -:  711:      case embargo: 
        1:  712:        return 2;
        -:  713:      case outpost:
        1:  714:        return 5;
        -:  715:      case salvager:
        1:  716:        return 4;
        -:  717:      case sea_hag:
        1:  718:        return 4;
        -:  719:      case treasure_map:
        1:  720:        return 4;
        -:  721:    }
        -:  722:	
        1:  723:  return -1;
        -:  724:}
        -:  725:
function adventurerCard called 1001 returned 100% blocks executed 100%
     1001:  726:int adventurerCard( int drawntreasure, struct gameState *state, int currentPlayer)
        -:  727:{
        -:  728:  int temphand[MAX_HAND];// moved above the if statement
        -:  729:  int cardDrawn;
     1001:  730:  int z = 0;// this is the counter for the temp hand
  1208839:  731:  while(drawntreasure<2)
branch  0 taken 99%
branch  1 taken 1% (fallthrough)
        -:  732:  {
  1206837:  733:    if (state->deckCount[currentPlayer] <1)
branch  0 taken 90% (fallthrough)
branch  1 taken 10%
        -:  734:    {//if the deck is empty we need to shuffle discard and add to deck
  1083725:  735:      shuffle(currentPlayer, state);
call    0 returned 100%
        -:  736:    }
  1206837:  737:    drawCard(currentPlayer, state);
call    0 returned 100%
  1206837:  738:    cardDrawn = state->hand[currentPlayer][state->handCount[currentPlayer]-2];//top card of hand is most recently drawn card.
  1206837:  739:    if (cardDrawn == copper || cardDrawn == silver || cardDrawn == gold)
branch  0 taken 99% (fallthrough)
branch  1 taken 1%
branch  2 taken 99% (fallthrough)
branch  3 taken 1%
branch  4 taken 1% (fallthrough)
branch  5 taken 99%
     2002:  740:      drawntreasure++;
        -:  741:    else
        -:  742:    {
  1204835:  743:      temphand[z]=cardDrawn;
  1204835:  744:      state->handCount[currentPlayer]--; //this should just remove the top card (the most recently drawn one).
  1204835:  745:      z++;
        -:  746:    }
        -:  747:  }
   258682:  748:  while(z-1>=0)
branch  0 taken 99%
branch  1 taken 1% (fallthrough)
        -:  749:  {
   256680:  750:   state->discard[currentPlayer][state->discardCount[currentPlayer]++]=temphand[z-1]; // discard all cards in play that have been drawn
   256680:  751:   z=z-1;
        -:  752:  }
     1001:  753:  return 0;
        -:  754:}
        -:  755:
function smithyCard called 1001 returned 100% blocks executed 100%
     1001:  756:int smithyCard(struct gameState *state, int currentPlayer, int handPos)
        -:  757:{
        -:  758:  int i;
        -:  759:  //+3 Cards
     4004:  760:  for (i = 0; i < 3; i++)
branch  0 taken 75%
branch  1 taken 25% (fallthrough)
        -:  761:  {
     3003:  762:    drawCard(currentPlayer, state);
call    0 returned 100%
        -:  763:  }
        -:  764:  
        -:  765:  //discard card from hand
     1001:  766:  discardCard(handPos, currentPlayer, state, 0);
call    0 returned 100%
     1001:  767:  return 0;
        -:  768:
        -:  769:}
function feastCard called 1 returned 100% blocks executed 94%
        1:  770:int feastCard(int choice1, struct gameState *state, int currentPlayer)
        -:  771:{
        -:  772:  int i;
        -:  773:  int x;
        -:  774:  int temphand[MAX_HAND];// moved above the if statement
        -:  775:  //gain card with cost up to 5
        -:  776:  //Backup hand
        7:  777:  for (i = 0; i <= state->handCount[currentPlayer]; i++)
branch  0 taken 86%
branch  1 taken 14% (fallthrough)
        -:  778:  {
        6:  779:    temphand[i] = state->hand[currentPlayer][i];//Backup card
        6:  780:    state->hand[currentPlayer][i] = -1;//Set to nothing
        -:  781:  }
        -:  782:  //Backup hand
        -:  783:
        -:  784:  //Update Coins for Buy
        1:  785:  updateCoins(currentPlayer, state, 5);
call    0 returned 100%
        1:  786:  x = 1;//Condition to loop on
        3:  787:  while( x == 1) 
branch  0 taken 50%
branch  1 taken 50% (fallthrough)
        -:  788:  {//Buy one card
        1:  789:    if (supplyCount(choice1, state) <= 0)
call    0 returned 100%
branch  1 taken 100% (fallthrough)
branch  2 taken 0%
        -:  790:    {
        -:  791:      if (DEBUG)
        -:  792:        printf("None of that card left, sorry!\n");
        -:  793:
        -:  794:      if (DEBUG)
        -:  795:      {
        -:  796:        printf("Cards Left: %d\n", supplyCount(choice1, state));
        -:  797:      }
        -:  798:    }
        -:  799:    
        1:  800:    else if (state->coins < getCost(choice1))
call    0 returned 100%
branch  1 taken 0% (fallthrough)
branch  2 taken 100%
        -:  801:    {
    #####:  802:      printf("That card is too expensive!\n");
call    0 never executed
        -:  803:
        -:  804:      if (DEBUG)
        -:  805:      {
        -:  806:        printf("Coins: %d < %d\n", state->coins, getCost(choice1));
        -:  807:      }
        -:  808:    }
        -:  809:    else
        -:  810:    {
        -:  811:      if (DEBUG)
        -:  812:        printf("Deck Count: %d\n", state->handCount[currentPlayer] + state->deckCount[currentPlayer] + state->discardCount[currentPlayer]);
        -:  813:
        1:  814:      gainCard(choice1, state, 0, currentPlayer);//Gain the card
call    0 returned 100%
        1:  815:      x = 0;//No more buying cards
        -:  816:
        -:  817:      if (DEBUG)
        -:  818:        printf("Deck Count: %d\n", state->handCount[currentPlayer] + state->deckCount[currentPlayer] + state->discardCount[currentPlayer]);
        -:  819:    }
        -:  820:  }     
        -:  821:
        -:  822:  //Reset Hand
        7:  823:  for (i = 0; i <= state->handCount[currentPlayer]; i++){
branch  0 taken 86%
branch  1 taken 14% (fallthrough)
        6:  824:    state->hand[currentPlayer][i] = temphand[i];
        6:  825:    temphand[i] = -1;
        -:  826:  }
        -:  827:  //Reset Hand
        -:  828:        
        1:  829:  return 0;
        -:  830:}
function mineCard called 0 returned 0% blocks executed 0%
    #####:  831:int mineCard(int choice1, int choice2, struct gameState *state, int handPos, int currentPlayer)
        -:  832:{
        -:  833:  int i;
        -:  834:  int j;
    #####:  835:  j = state->hand[currentPlayer][choice2];  //store card we will trash
        -:  836:
    #####:  837:  if (state->hand[currentPlayer][choice1] < copper || state->hand[currentPlayer][choice1] > gold)
branch  0 never executed
branch  1 never executed
branch  2 never executed
branch  3 never executed
        -:  838:  {
    #####:  839:    return -1;
        -:  840:  }
        -:  841:    
    #####:  842:  if (choice2 > treasure_map || choice2 < curse)
branch  0 never executed
branch  1 never executed
branch  2 never executed
branch  3 never executed
        -:  843:  {
    #####:  844:    return -1;
        -:  845:  }
        -:  846:
    #####:  847:  if ( (getCost(state->hand[currentPlayer][choice1]) + 3) > getCost(choice2) )
call    0 never executed
call    1 never executed
branch  2 never executed
branch  3 never executed
        -:  848:  {
    #####:  849:    return -1;
        -:  850:  }
        -:  851:
    #####:  852:  gainCard(choice2, state, 2, currentPlayer);
call    0 never executed
        -:  853:
        -:  854:  //discard card from hand
    #####:  855:  discardCard(handPos, currentPlayer, state, 0);
call    0 never executed
        -:  856:
        -:  857:  //discard trashed card
    #####:  858:  for (i = 0; i < state->handCount[currentPlayer]; i++)
branch  0 never executed
branch  1 never executed
        -:  859:  {
    #####:  860:    if (state->hand[currentPlayer][i] == j)
branch  0 never executed
branch  1 never executed
        -:  861:      {
    #####:  862:        discardCard(i, currentPlayer, state, 0);      
call    0 never executed
    #####:  863:        break;
        -:  864:      }
        -:  865:  }
        -:  866:  
    #####:  867:  return 0;
        -:  868:}
        -:  869:
function gardensCard called 0 returned 0% blocks executed 0%
    #####:  870:int gardensCard()
        -:  871:{
    #####:  872:  return -1;
        -:  873:}
        -:  874:
function cardEffect called 3004 returned 100% blocks executed 12%
     3004:  875:int cardEffect(int card, int choice1, int choice2, int choice3, struct gameState *state, int handPos, int *bonus)
        -:  876:{
        -:  877:  int i;
        -:  878:  int j;
        -:  879:  int k;
        -:  880:  int index;
     3004:  881:  int currentPlayer = whoseTurn(state);
call    0 returned 100%
     3004:  882:  int nextPlayer = currentPlayer + 1;
        -:  883:
     3004:  884:  int tributeRevealedCards[2] = {-1, -1};
     3004:  885:  int drawntreasure=0;
     3004:  886:  if (nextPlayer > (state->numPlayers - 1)){
branch  0 taken 0% (fallthrough)
branch  1 taken 100%
    #####:  887:    nextPlayer = 0;
        -:  888:  }
        -:  889:  
        -:  890:
     3004:  891:  if(card == adventurer)
branch  0 taken 33% (fallthrough)
branch  1 taken 67%
        -:  892:  {
        -:  893:
     1001:  894:    adventurerCard(drawntreasure, state, currentPlayer);	
call    0 returned 100%
        -:  895:  }
     2003:  896:  else if(card == smithy)
branch  0 taken 50% (fallthrough)
branch  1 taken 50%
        -:  897:  {
     1001:  898:    return smithyCard(state, currentPlayer, handPos);
call    0 returned 100%
        -:  899:  }
     1002:  900:  else if(card == feast)
branch  0 taken 1% (fallthrough)
branch  1 taken 99%
        -:  901:  {
        1:  902:    feastCard(choice1, state, currentPlayer);
call    0 returned 100%
        -:  903:  }
     1001:  904:  else if(card == mine)
branch  0 taken 0% (fallthrough)
branch  1 taken 100%
        -:  905:  {
    #####:  906:    mineCard(choice1, choice2, state, handPos, currentPlayer);
call    0 never executed
        -:  907:  }
     1001:  908:  else if(card == gardens)
branch  0 taken 0% (fallthrough)
branch  1 taken 100%
        -:  909:  {
    #####:  910:    gardensCard();
call    0 never executed
        -:  911:  }	
        -:  912:  else
        -:  913:  {
        -:  914:    //uses switch to select card and perform actions
     1001:  915:    switch( card ) 
branch  0 taken 100%
branch  1 taken 0%
branch  2 taken 0%
branch  3 taken 0%
branch  4 taken 0%
branch  5 taken 0%
branch  6 taken 0%
branch  7 taken 0%
branch  8 taken 0%
branch  9 taken 0%
branch 10 taken 0%
branch 11 taken 0%
branch 12 taken 0%
branch 13 taken 0%
branch 14 taken 0%
branch 15 taken 0%
        -:  916:    {
        -:  917:      case council_room:
        -:  918:        //+4 Cards
     5005:  919:        for (i = 0; i < 4; i++)
branch  0 taken 80%
branch  1 taken 20% (fallthrough)
        -:  920:      	{
     4004:  921:      	  drawCard(currentPlayer, state);
call    0 returned 100%
        -:  922:      	}
        -:  923:  			
        -:  924:        //+1 Buy
     1001:  925:        state->numBuys++;
        -:  926:  			
        -:  927:        //Each other player draws a card
     4010:  928:        for (i = 0; i < state->numPlayers; i++)
branch  0 taken 75%
branch  1 taken 25% (fallthrough)
        -:  929:      	{
     3009:  930:      	  if ( i != currentPlayer )
branch  0 taken 67% (fallthrough)
branch  1 taken 33%
        -:  931:      	    {
     2008:  932:      	      drawCard(i, state);
call    0 returned 100%
        -:  933:      	    }
        -:  934:      	}
        -:  935:  			
        -:  936:        //put played card in played card pile
     1001:  937:        discardCard(handPos, currentPlayer, state, 0);
call    0 returned 100%
        -:  938:  			
     1001:  939:        return 0;
        -:  940:        case remodel:
    #####:  941:          j = state->hand[currentPlayer][choice1];  //store card we will trash
        -:  942:
    #####:  943:          if ( (getCost(state->hand[currentPlayer][choice1]) + 2) > getCost(choice2) )
call    0 never executed
call    1 never executed
branch  2 never executed
branch  3 never executed
        -:  944:        	{
    #####:  945:        	  return -1;
        -:  946:        	}
        -:  947:
    #####:  948:          gainCard(choice2, state, 0, currentPlayer);
call    0 never executed
        -:  949:
        -:  950:          //discard card from hand
    #####:  951:          discardCard(handPos, currentPlayer, state, 0);
call    0 never executed
        -:  952:
        -:  953:          //discard trashed card
    #####:  954:          for (i = 0; i < state->handCount[currentPlayer]; i++)
branch  0 never executed
branch  1 never executed
        -:  955:        	{
    #####:  956:        	  if (state->hand[currentPlayer][i] == j)
branch  0 never executed
branch  1 never executed
        -:  957:        	    {
    #####:  958:        	      discardCard(i, currentPlayer, state, 0);			
call    0 never executed
    #####:  959:        	      break;
        -:  960:        	    }
        -:  961:        	}
    #####:  962:          return 0;
        -:  963:		
        -:  964:          case village:
        -:  965:            //+1 Card
    #####:  966:            drawCard(currentPlayer, state);
call    0 never executed
        -:  967:      			
        -:  968:            //+2 Actions
    #####:  969:            state->numActions = state->numActions + 2;
        -:  970:      			
        -:  971:            //discard played card from hand
    #####:  972:            discardCard(handPos, currentPlayer, state, 0);
call    0 never executed
    #####:  973:            return 0;
        -:  974:		
        -:  975:            case baron:
    #####:  976:              state->numBuys++;//Increase buys by 1!
    #####:  977:              if (choice1 > 0)
branch  0 never executed
branch  1 never executed
        -:  978:              {//Boolean true or going to discard an estate
    #####:  979:          	    int p = 0;//Iterator for hand!
    #####:  980:              	int card_not_discarded = 1;//Flag for discard set!
    #####:  981:              	while(card_not_discarded)
branch  0 never executed
branch  1 never executed
        -:  982:                {
    #####:  983:                  if (state->hand[currentPlayer][p] == estate)
branch  0 never executed
branch  1 never executed
        -:  984:                  {//Found an estate card!
    #####:  985:              	    state->coins += 4;//Add 4 coins to the amount of coins
    #####:  986:              	    state->discard[currentPlayer][state->discardCount[currentPlayer]] = state->hand[currentPlayer][p];
    #####:  987:              	    state->discardCount[currentPlayer]++;
    #####:  988:              	    for (;p < state->handCount[currentPlayer]; p++)
branch  0 never executed
branch  1 never executed
        -:  989:                    {
    #####:  990:              	      state->hand[currentPlayer][p] = state->hand[currentPlayer][p+1];
        -:  991:              	    }
    #####:  992:              	    state->hand[currentPlayer][state->handCount[currentPlayer]] = -1;
    #####:  993:              	    state->handCount[currentPlayer]--;
    #####:  994:              	    card_not_discarded = 0;//Exit the loop
        -:  995:              	  }
    #####:  996:              	  else if (p > state->handCount[currentPlayer])
branch  0 never executed
branch  1 never executed
        -:  997:                  {
        -:  998:              	    if(DEBUG) 
        -:  999:                    {
        -: 1000:              	      printf("No estate cards in your hand, invalid choice\n");
        -: 1001:              	      printf("Must gain an estate if there are any\n");
        -: 1002:              	    }
    #####: 1003:              	    if (supplyCount(estate, state) > 0)
call    0 never executed
branch  1 never executed
branch  2 never executed
        -: 1004:                    {
    #####: 1005:              	      gainCard(estate, state, 0, currentPlayer);
call    0 never executed
    #####: 1006:              	      state->supplyCount[estate]--;//Decrement estates
    #####: 1007:              	      if (supplyCount(estate, state) == 0)
call    0 never executed
branch  1 never executed
branch  2 never executed
        -: 1008:                      {
    #####: 1009:              		      isGameOver(state);
call    0 never executed
        -: 1010:              	      }
        -: 1011:              	    }
    #####: 1012:              	    card_not_discarded = 0;//Exit the loop
        -: 1013:              	  }
        -: 1014:            			    
        -: 1015:              	  else
        -: 1016:                  {
    #####: 1017:              	    p++;//Next card
        -: 1018:              	  }
        -: 1019:            	  }
        -: 1020:              }
        -: 1021:          			    
        -: 1022:              else
        -: 1023:              {
    #####: 1024:              	if (supplyCount(estate, state) > 0)
call    0 never executed
branch  1 never executed
branch  2 never executed
        -: 1025:                {
    #####: 1026:              	  gainCard(estate, state, 0, currentPlayer);//Gain an estate
call    0 never executed
    #####: 1027:              	  state->supplyCount[estate]--;//Decrement Estates
    #####: 1028:              	  if (supplyCount(estate, state) == 0)
call    0 never executed
branch  1 never executed
branch  2 never executed
        -: 1029:                  {
    #####: 1030:              	    isGameOver(state);
call    0 never executed
        -: 1031:              	  }
        -: 1032:              	}
        -: 1033:              }
        -: 1034:        	    
    #####: 1035:              return 0;
        -: 1036:        		
        -: 1037:      case great_hall:
        -: 1038:        //+1 Card
    #####: 1039:        drawCard(currentPlayer, state);
call    0 never executed
        -: 1040:  			
        -: 1041:        //+1 Actions
    #####: 1042:        state->numActions++;
        -: 1043:  			
        -: 1044:        //discard card from hand
    #####: 1045:        discardCard(handPos, currentPlayer, state, 0);
call    0 never executed
    #####: 1046:        return 0;
        -: 1047:		
        -: 1048:      case minion:
        -: 1049:        //+1 action
    #####: 1050:        state->numActions++;
        -: 1051:  			
        -: 1052:        //discard card from hand
    #####: 1053:        discardCard(handPos, currentPlayer, state, 0);
call    0 never executed
        -: 1054:  			
    #####: 1055:        if (choice1)		//+2 coins
branch  0 never executed
branch  1 never executed
        -: 1056:  	    {
    #####: 1057:  	     state->coins = state->coins + 2;
        -: 1058:  	    }
        -: 1059:  			
    #####: 1060:        else if (choice2)		//discard hand, redraw 4, other players with 5+ cards discard hand and draw 4
branch  0 never executed
branch  1 never executed
        -: 1061:      	{
        -: 1062:      	  //discard hand
    #####: 1063:      	  while(numHandCards(state) > 0)
call    0 never executed
branch  1 never executed
branch  2 never executed
        -: 1064:      	  {
    #####: 1065:      	    discardCard(handPos, currentPlayer, state, 0);
call    0 never executed
        -: 1066:      	  }
        -: 1067:      				
        -: 1068:      	  //draw 4
    #####: 1069:      	  for (i = 0; i < 4; i++)
branch  0 never executed
branch  1 never executed
        -: 1070:      	  {
    #####: 1071:      	    drawCard(currentPlayer, state);
call    0 never executed
        -: 1072:      	  }
        -: 1073:      				
        -: 1074:      	  //other players discard hand and redraw if hand size > 4
    #####: 1075:      	  for (i = 0; i < state->numPlayers; i++)
branch  0 never executed
branch  1 never executed
        -: 1076:      	  {
    #####: 1077:      	    if (i != currentPlayer)
branch  0 never executed
branch  1 never executed
        -: 1078:    		    {
    #####: 1079:    		      if ( state->handCount[i] > 4 )
branch  0 never executed
branch  1 never executed
        -: 1080:    		      {
        -: 1081:      		      //discard hand
    #####: 1082:      		      while( state->handCount[i] > 0 )
branch  0 never executed
branch  1 never executed
        -: 1083:      			    {
    #####: 1084:      			       discardCard(handPos, i, state, 0);
call    0 never executed
        -: 1085:      			    }
        -: 1086:      							
        -: 1087:      		      //draw 4
    #####: 1088:      		      for (j = 0; j < 4; j++)
branch  0 never executed
branch  1 never executed
        -: 1089:          			{
    #####: 1090:          			  drawCard(i, state);
call    0 never executed
        -: 1091:          			}
        -: 1092:    		      }
        -: 1093:    		    }
        -: 1094:    	    }
        -: 1095:      				
        -: 1096:      	}
    #####: 1097:        return 0;
        -: 1098:		
        -: 1099:      case steward:
    #####: 1100:        if (choice1 == 1)
branch  0 never executed
branch  1 never executed
        -: 1101:      	{
        -: 1102:      	  //+2 cards
    #####: 1103:      	  drawCard(currentPlayer, state);
call    0 never executed
    #####: 1104:      	  drawCard(currentPlayer, state);
call    0 never executed
        -: 1105:      	}
    #####: 1106:        else if (choice1 == 2)
branch  0 never executed
branch  1 never executed
        -: 1107:      	{
        -: 1108:      	  //+2 coins
    #####: 1109:      	  state->coins = state->coins + 2;
        -: 1110:      	}
        -: 1111:        else
        -: 1112:      	{
        -: 1113:      	  //trash 2 cards in hand
    #####: 1114:      	  discardCard(choice2, currentPlayer, state, 1);
call    0 never executed
    #####: 1115:      	  discardCard(choice3, currentPlayer, state, 1);
call    0 never executed
        -: 1116:      	}
        -: 1117:  			
        -: 1118:        //discard card from hand
    #####: 1119:        discardCard(handPos, currentPlayer, state, 0);
call    0 never executed
    #####: 1120:        return 0;
        -: 1121:  		
        -: 1122:      case tribute:
    #####: 1123:        if ((state->discardCount[nextPlayer] + state->deckCount[nextPlayer]) <= 1)
branch  0 never executed
branch  1 never executed
        -: 1124:        {
    #####: 1125:        	if (state->deckCount[nextPlayer] > 0)
branch  0 never executed
branch  1 never executed
        -: 1126:          {
    #####: 1127:        	  tributeRevealedCards[0] = state->deck[nextPlayer][state->deckCount[nextPlayer]-1];
    #####: 1128:        	  state->deckCount[nextPlayer]--;
        -: 1129:        	}
    #####: 1130:        	else if (state->discardCount[nextPlayer] > 0)
branch  0 never executed
branch  1 never executed
        -: 1131:          {
    #####: 1132:        	  tributeRevealedCards[0] = state->discard[nextPlayer][state->discardCount[nextPlayer]-1];
    #####: 1133:        	  state->discardCount[nextPlayer]--;
        -: 1134:        	}
        -: 1135:  	      else
        -: 1136:          {
        -: 1137:        	  //No Card to Reveal
        -: 1138:        	  if (DEBUG)
        -: 1139:            {
        -: 1140:        	    printf("No cards to reveal\n");
        -: 1141:        	  }
        -: 1142:        	}
        -: 1143:        }
        -: 1144:  	    
        -: 1145:        else
        -: 1146:        {
    #####: 1147:        	if (state->deckCount[nextPlayer] == 0)
branch  0 never executed
branch  1 never executed
        -: 1148:          {
    #####: 1149:        	  for (i = 0; i < state->discardCount[nextPlayer]; i++)
branch  0 never executed
branch  1 never executed
        -: 1150:            {
    #####: 1151:        	    state->deck[nextPlayer][i] = state->discard[nextPlayer][i];//Move to deck
    #####: 1152:        	    state->deckCount[nextPlayer]++;
    #####: 1153:        	    state->discard[nextPlayer][i] = -1;
    #####: 1154:        	    state->discardCount[nextPlayer]--;
        -: 1155:        	  }
        -: 1156:  			    
    #####: 1157:  	       shuffle(nextPlayer,state);//Shuffle the deck
call    0 never executed
        -: 1158:      	  } 
    #####: 1159:        	tributeRevealedCards[0] = state->deck[nextPlayer][state->deckCount[nextPlayer]-1];
    #####: 1160:        	state->deck[nextPlayer][state->deckCount[nextPlayer]--] = -1;
    #####: 1161:        	state->deckCount[nextPlayer]--;
    #####: 1162:        	tributeRevealedCards[1] = state->deck[nextPlayer][state->deckCount[nextPlayer]-1];
    #####: 1163:        	state->deck[nextPlayer][state->deckCount[nextPlayer]--] = -1;
    #####: 1164:        	state->deckCount[nextPlayer]--;
        -: 1165:         }    
        -: 1166:  		       
    #####: 1167:        if (tributeRevealedCards[0] == tributeRevealedCards[1])
branch  0 never executed
branch  1 never executed
        -: 1168:        {//If we have a duplicate card, just drop one 
    #####: 1169:        	state->playedCards[state->playedCardCount] = tributeRevealedCards[1];
    #####: 1170:        	state->playedCardCount++;
    #####: 1171:        	tributeRevealedCards[1] = -1;
        -: 1172:        }
        -: 1173:
    #####: 1174:        for (i = 0; i <= 2; i ++)
branch  0 never executed
branch  1 never executed
        -: 1175:        {
    #####: 1176:        	if (tributeRevealedCards[i] == copper || tributeRevealedCards[i] == silver || tributeRevealedCards[i] == gold)
branch  0 never executed
branch  1 never executed
branch  2 never executed
branch  3 never executed
branch  4 never executed
branch  5 never executed
        -: 1177:          {//Treasure cards
    #####: 1178:        	  state->coins += 2;
        -: 1179:        	}
        -: 1180:  		    
    #####: 1181:        	else if (tributeRevealedCards[i] == estate || tributeRevealedCards[i] == duchy || tributeRevealedCards[i] == province || tributeRevealedCards[i] == gardens || tributeRevealedCards[i] == great_hall)
branch  0 never executed
branch  1 never executed
branch  2 never executed
branch  3 never executed
branch  4 never executed
branch  5 never executed
branch  6 never executed
branch  7 never executed
branch  8 never executed
branch  9 never executed
        -: 1182:          {//Victory Card Found
    #####: 1183:        	  drawCard(currentPlayer, state);
call    0 never executed
    #####: 1184:        	  drawCard(currentPlayer, state);
call    0 never executed
        -: 1185:        	}
        -: 1186:        	else
        -: 1187:          {//Action Card
    #####: 1188:        	  state->numActions = state->numActions + 2;
        -: 1189:        	}
        -: 1190:        }
        -: 1191:  	    
    #####: 1192:        return 0;
        -: 1193:		
        -: 1194:      case ambassador:
    #####: 1195:        j = 0;		//used to check if player has enough cards to discard
        -: 1196:
    #####: 1197:        if (choice2 > 2 || choice2 < 0)
branch  0 never executed
branch  1 never executed
branch  2 never executed
branch  3 never executed
        -: 1198:      	{
    #####: 1199:      	  return -1;				
        -: 1200:      	}
        -: 1201:
    #####: 1202:        if (choice1 == handPos)
branch  0 never executed
branch  1 never executed
        -: 1203:      	{
    #####: 1204:      	  return -1;
        -: 1205:      	}
        -: 1206:
    #####: 1207:        for (i = 0; i < state->handCount[currentPlayer]; i++)
branch  0 never executed
branch  1 never executed
        -: 1208:      	{
    #####: 1209:      	  if (i != handPos && i == state->hand[currentPlayer][choice1] && i != choice1)
branch  0 never executed
branch  1 never executed
branch  2 never executed
branch  3 never executed
branch  4 never executed
branch  5 never executed
        -: 1210:      	    {
    #####: 1211:      	      j++;
        -: 1212:      	    }
        -: 1213:      	}
    #####: 1214:        if (j < choice2)
branch  0 never executed
branch  1 never executed
        -: 1215:      	{
    #####: 1216:      	  return -1;				
        -: 1217:      	}
        -: 1218:
        -: 1219:        if (DEBUG) 
        -: 1220:  	      printf("Player %d reveals card number: %d\n", currentPlayer, state->hand[currentPlayer][choice1]);
        -: 1221:
        -: 1222:        //increase supply count for choosen card by amount being discarded
    #####: 1223:        state->supplyCount[state->hand[currentPlayer][choice1]] += choice2;
        -: 1224:  			
        -: 1225:        //each other player gains a copy of revealed card
    #####: 1226:        for (i = 0; i < state->numPlayers; i++)
branch  0 never executed
branch  1 never executed
        -: 1227:      	{
    #####: 1228:      	  if (i != currentPlayer)
branch  0 never executed
branch  1 never executed
        -: 1229:    	    {
    #####: 1230:    	      gainCard(state->hand[currentPlayer][choice1], state, 0, i);
call    0 never executed
        -: 1231:    	    }
        -: 1232:      	}
        -: 1233:
        -: 1234:        //discard played card from hand
    #####: 1235:        discardCard(handPos, currentPlayer, state, 0);			
call    0 never executed
        -: 1236:
        -: 1237:        //trash copies of cards returned to supply
    #####: 1238:        for (j = 0; j < choice2; j++)
branch  0 never executed
branch  1 never executed
        -: 1239:      	{
    #####: 1240:      	  for (i = 0; i < state->handCount[currentPlayer]; i++)
branch  0 never executed
branch  1 never executed
        -: 1241:    	    {
    #####: 1242:    	      if (state->hand[currentPlayer][i] == state->hand[currentPlayer][choice1])
branch  0 never executed
branch  1 never executed
        -: 1243:        		{
    #####: 1244:        		  discardCard(i, currentPlayer, state, 1);
call    0 never executed
    #####: 1245:        		  break;
        -: 1246:        		}
        -: 1247:    	    }
        -: 1248:  	     }			
        -: 1249:
    #####: 1250:        return 0;
        -: 1251:  		
        -: 1252:      case cutpurse:
        -: 1253:
    #####: 1254:        updateCoins(currentPlayer, state, 2);
call    0 never executed
    #####: 1255:        for (i = 0; i < state->numPlayers; i++)
branch  0 never executed
branch  1 never executed
        -: 1256:      	{
    #####: 1257:      	  if (i != currentPlayer)
branch  0 never executed
branch  1 never executed
        -: 1258:    	    {
    #####: 1259:    	      for (j = 0; j < state->handCount[i]; j++)
branch  0 never executed
branch  1 never executed
        -: 1260:      		  {
    #####: 1261:        		  if (state->hand[i][j] == copper)
branch  0 never executed
branch  1 never executed
        -: 1262:      		    {
    #####: 1263:      		      discardCard(j, i, state, 0);
call    0 never executed
    #####: 1264:      		      break;
        -: 1265:      		    }
    #####: 1266:        		  if (j == state->handCount[i])
branch  0 never executed
branch  1 never executed
        -: 1267:      		    {
    #####: 1268:      		      for (k = 0; k < state->handCount[i]; k++)
branch  0 never executed
branch  1 never executed
        -: 1269:        			  {
        -: 1270:      			      if (DEBUG)
        -: 1271:      			        printf("Player %d reveals card number %d\n", i, state->hand[i][k]);
        -: 1272:      			    }	
    #####: 1273:      		      break;
        -: 1274:      		    }		
        -: 1275:    		    }
        -: 1276:      					
        -: 1277:    	    }
        -: 1278:      	}				
        -: 1279:
        -: 1280:        //discard played card from hand
    #####: 1281:        discardCard(handPos, currentPlayer, state, 0);			
call    0 never executed
        -: 1282:
    #####: 1283:        return 0;
        -: 1284:		
        -: 1285:      case embargo: 
        -: 1286:        //+2 Coins
    #####: 1287:        state->coins = state->coins + 2;
        -: 1288:  			
        -: 1289:        //see if selected pile is in play
    #####: 1290:        if ( state->supplyCount[choice1] == -1 )
branch  0 never executed
branch  1 never executed
        -: 1291:      	{
    #####: 1292:      	  return -1;
        -: 1293:      	}
        -: 1294:  			
        -: 1295:        //add embargo token to selected supply pile
    #####: 1296:        state->embargoTokens[choice1]++;
        -: 1297:  			
        -: 1298:        //trash card
    #####: 1299:        discardCard(handPos, currentPlayer, state, 1);		
call    0 never executed
    #####: 1300:        return 0;
        -: 1301:    		
        -: 1302:      case outpost:
        -: 1303:        //set outpost flag
    #####: 1304:        state->outpostPlayed++;
        -: 1305:  			
        -: 1306:        //discard card
    #####: 1307:        discardCard(handPos, currentPlayer, state, 0);
call    0 never executed
    #####: 1308:        return 0;
        -: 1309:    		
        -: 1310:      case salvager:
        -: 1311:        //+1 buy
    #####: 1312:        state->numBuys++;
        -: 1313:  			
    #####: 1314:        if (choice1)
branch  0 never executed
branch  1 never executed
        -: 1315:      	{
        -: 1316:      	  //gain coins equal to trashed card
    #####: 1317:      	  state->coins = state->coins + getCost( handCard(choice1, state) );
call    0 never executed
call    1 never executed
        -: 1318:      	  //trash card
    #####: 1319:      	  discardCard(choice1, currentPlayer, state, 1);	
call    0 never executed
        -: 1320:      	}
        -: 1321:  			
        -: 1322:        //discard card
    #####: 1323:        discardCard(handPos, currentPlayer, state, 0);
call    0 never executed
    #####: 1324:        return 0;
        -: 1325:  		
        -: 1326:      case sea_hag:
    #####: 1327:        for (i = 0; i < state->numPlayers; i++)
branch  0 never executed
branch  1 never executed
        -: 1328:        {
    #####: 1329:        	if (i != currentPlayer){
branch  0 never executed
branch  1 never executed
    #####: 1330:        	  state->discard[i][state->discardCount[i]] = state->deck[i][state->deckCount[i]--];			    state->deckCount[i]--;
    #####: 1331:        	  state->discardCount[i]++;
    #####: 1332:        	  state->deck[i][state->deckCount[i]--] = curse;//Top card now a curse
        -: 1333:        	}
        -: 1334:        }
    #####: 1335:        return 0;
        -: 1336:		
        -: 1337:      case treasure_map:
        -: 1338:        //search hand for another treasure_map
    #####: 1339:        index = -1;
    #####: 1340:        for (i = 0; i < state->handCount[currentPlayer]; i++)
branch  0 never executed
branch  1 never executed
        -: 1341:      	{
    #####: 1342:      	  if (state->hand[currentPlayer][i] == treasure_map && i != handPos)
branch  0 never executed
branch  1 never executed
branch  2 never executed
branch  3 never executed
        -: 1343:      	    {
    #####: 1344:      	      index = i;
    #####: 1345:      	      break;
        -: 1346:      	    }
        -: 1347:      	}
    #####: 1348:        if (index > -1)
branch  0 never executed
branch  1 never executed
        -: 1349:      	{
        -: 1350:      	  //trash both treasure cards
    #####: 1351:      	  discardCard(handPos, currentPlayer, state, 1);
call    0 never executed
    #####: 1352:      	  discardCard(index, currentPlayer, state, 1);
call    0 never executed
        -: 1353:
        -: 1354:      	  //gain 4 Gold cards
    #####: 1355:      	  for (i = 0; i < 4; i++)
branch  0 never executed
branch  1 never executed
        -: 1356:      	    {
    #####: 1357:      	      gainCard(gold, state, 1, currentPlayer);
call    0 never executed
        -: 1358:      	    }
        -: 1359:      				
        -: 1360:      	  //return success
    #####: 1361:      	  return 1;
        -: 1362:      	}
        -: 1363:			
        -: 1364:        //no second treasure_map found in hand
    #####: 1365:        return -1;
        -: 1366:    }
        -: 1367:  }
        -: 1368:	
     1002: 1369:  return -1;
        -: 1370:}
        -: 1371:
function discardCard called 2002 returned 100% blocks executed 78%
     2002: 1372:int discardCard(int handPos, int currentPlayer, struct gameState *state, int trashFlag)
        -: 1373:{
        -: 1374:	
        -: 1375:  //if card is not trashed, added to Played pile 
     2002: 1376:  if (trashFlag < 1)
branch  0 taken 100% (fallthrough)
branch  1 taken 0%
        -: 1377:  {
        -: 1378:    //add card to played pile
     2002: 1379:    state->playedCards[state->playedCardCount] = state->hand[currentPlayer][handPos]; 
     2002: 1380:    state->playedCardCount++;
        -: 1381:  }
        -: 1382:	
        -: 1383:  //set played card to -1
     2002: 1384:  state->hand[currentPlayer][handPos] = -1; //COVERED
        -: 1385:	
        -: 1386:  //remove card from player's hand
     2002: 1387:  if ( handPos == (state->handCount[currentPlayer] - 1) ) 	//last card in hand array is played
branch  0 taken 0% (fallthrough)
branch  1 taken 100%
        -: 1388:  {
        -: 1389:    //reduce number of cards in hand
    #####: 1390:    state->handCount[currentPlayer]--; //COVERED
        -: 1391:  }
     2002: 1392:  else if ( state->handCount[currentPlayer] == 1 ) //only one card in hand
branch  0 taken 0% (fallthrough)
branch  1 taken 100%
        -: 1393:  {
        -: 1394:    //reduce number of cards in hand
    #####: 1395:    state->handCount[currentPlayer]--; //COVERED
        -: 1396:  }
        -: 1397:  else 	
        -: 1398:  {
        -: 1399:    //replace discarded card with last card in hand
     2002: 1400:    state->hand[currentPlayer][handPos] = state->hand[currentPlayer][ (state->handCount[currentPlayer] - 1)];
        -: 1401:    //set last card to -1
     2002: 1402:    state->hand[currentPlayer][state->handCount[currentPlayer] - 1] = -1;
        -: 1403:    //reduce number of cards in hand
     2002: 1404:    state->handCount[currentPlayer]--; //COVERED
        -: 1405:  }
        -: 1406:	
     2002: 1407:  return 0;
        -: 1408:}
        -: 1409:
function gainCard called 2 returned 100% blocks executed 70%
        2: 1410:int gainCard(int supplyPos, struct gameState *state, int toFlag, int player)
        -: 1411:{
        -: 1412:  //Note: supplyPos is enum of choosen card
        -: 1413:	
        -: 1414:  //check if supply pile is empty (0) or card is not used in game (-1)
        2: 1415:  if ( supplyCount(supplyPos, state) < 1 )
call    0 returned 100%
branch  1 taken 0% (fallthrough)
branch  2 taken 100%
        -: 1416:  {
    #####: 1417:    return -1;
        -: 1418:  }
        -: 1419:	
        -: 1420:  //added card for [whoseTurn] current player:
        -: 1421:  // toFlag = 0 : add to discard
        -: 1422:  // toFlag = 1 : add to deck
        -: 1423:  // toFlag = 2 : add to hand
        -: 1424:
        2: 1425:  if (toFlag == 1)
branch  0 taken 0% (fallthrough)
branch  1 taken 100%
        -: 1426:  {
    #####: 1427:    state->deck[ player ][ state->deckCount[player] ] = supplyPos;
    #####: 1428:    state->deckCount[player]++;
        -: 1429:  }
        2: 1430:  else if (toFlag == 2)
branch  0 taken 0% (fallthrough)
branch  1 taken 100%
        -: 1431:  {
    #####: 1432:    state->hand[ player ][ state->handCount[player] ] = supplyPos;
    #####: 1433:    state->handCount[player]++;
        -: 1434:  }
        -: 1435:  else
        -: 1436:  {
        2: 1437:    state->discard[player][ state->discardCount[player] ] = supplyPos;
        2: 1438:    state->discardCount[player]++;
        -: 1439:  }
        -: 1440:	
        -: 1441:  //decrease number in supply pile
        2: 1442:  state->supplyCount[supplyPos]--;
        -: 1443:	 
        2: 1444:  return 0;
        -: 1445:}
        -: 1446:
function updateCoins called 6 returned 100% blocks executed 82%
        6: 1447:int updateCoins(int player, struct gameState *state, int bonus)
        -: 1448:{
        -: 1449:  int i;
        -: 1450:	
        -: 1451:  //reset coin count
        6: 1452:  state->coins = 0;
        -: 1453:
        -: 1454:  //add coins for each Treasure card in player's hand
       36: 1455:  for (i = 0; i < state->handCount[player]; i++)
branch  0 taken 83%
branch  1 taken 17% (fallthrough)
        -: 1456:  {
       30: 1457:    if (state->hand[player][i] == copper)
branch  0 taken 83% (fallthrough)
branch  1 taken 17%
        -: 1458:    {
       25: 1459:      state->coins += 1;
        -: 1460:    }
        5: 1461:    else if (state->hand[player][i] == silver)
branch  0 taken 0% (fallthrough)
branch  1 taken 100%
        -: 1462:  	{
    #####: 1463:  	  state->coins += 2;
        -: 1464:  	}
        5: 1465:    else if (state->hand[player][i] == gold)
branch  0 taken 0% (fallthrough)
branch  1 taken 100%
        -: 1466:  	{
    #####: 1467:  	  state->coins += 3;
        -: 1468:  	}	
        -: 1469:  }	
        -: 1470:
        -: 1471:  //add bonus
        6: 1472:  state->coins += bonus;
        -: 1473:
        6: 1474:  return 0;
        -: 1475:}
        -: 1476:
        -: 1477:
        -: 1478://end of dominion.c
        -: 1479:
